<?xml version="1.0" encoding="UTF-8"?>
<testsuite name="jp.co.interline.crm.CrmApplicationTests" tests="1" skipped="0" failures="0" errors="0" timestamp="2024-11-24T12:41:29" hostname="ジュンのパソコ" time="0.167">
  <properties/>
  <testcase name="contextLoads()" classname="jp.co.interline.crm.CrmApplicationTests" time="0.167"/>
  <system-out><![CDATA[21:41:27.106 [Test worker] DEBUG org.springframework.test.context.BootstrapUtils - Instantiating CacheAwareContextLoaderDelegate from class [org.springframework.test.context.cache.DefaultCacheAwareContextLoaderDelegate]
21:41:27.111 [Test worker] DEBUG org.springframework.test.context.BootstrapUtils - Instantiating BootstrapContext using constructor [public org.springframework.test.context.support.DefaultBootstrapContext(java.lang.Class,org.springframework.test.context.CacheAwareContextLoaderDelegate)]
21:41:27.129 [Test worker] DEBUG org.springframework.test.context.BootstrapUtils - Instantiating TestContextBootstrapper for test class [jp.co.interline.crm.CrmApplicationTests] from class [org.springframework.boot.test.context.SpringBootTestContextBootstrapper]
21:41:27.135 [Test worker] INFO org.springframework.boot.test.context.SpringBootTestContextBootstrapper - Neither @ContextConfiguration nor @ContextHierarchy found for test class [jp.co.interline.crm.CrmApplicationTests], using SpringBootContextLoader
21:41:27.137 [Test worker] DEBUG org.springframework.test.context.support.AbstractContextLoader - Did not detect default resource location for test class [jp.co.interline.crm.CrmApplicationTests]: class path resource [jp/co/interline/crm/CrmApplicationTests-context.xml] does not exist
21:41:27.137 [Test worker] DEBUG org.springframework.test.context.support.AbstractContextLoader - Did not detect default resource location for test class [jp.co.interline.crm.CrmApplicationTests]: class path resource [jp/co/interline/crm/CrmApplicationTestsContext.groovy] does not exist
21:41:27.137 [Test worker] INFO org.springframework.test.context.support.AbstractContextLoader - Could not detect default resource locations for test class [jp.co.interline.crm.CrmApplicationTests]: no resource found for suffixes {-context.xml, Context.groovy}.
21:41:27.137 [Test worker] INFO org.springframework.test.context.support.AnnotationConfigContextLoaderUtils - Could not detect default configuration classes for test class [jp.co.interline.crm.CrmApplicationTests]: CrmApplicationTests does not declare any static, non-private, non-final, nested classes annotated with @Configuration.
21:41:27.159 [Test worker] DEBUG org.springframework.test.context.support.ActiveProfilesUtils - Could not find an 'annotation declaring class' for annotation type [org.springframework.test.context.ActiveProfiles] and class [jp.co.interline.crm.CrmApplicationTests]
21:41:27.187 [Test worker] DEBUG org.springframework.context.annotation.ClassPathScanningCandidateComponentProvider - Identified candidate component class: file [C:\workspace\crm\build\classes\java\main\jp\co\interline\crm\CrmApplication.class]
21:41:27.187 [Test worker] INFO org.springframework.boot.test.context.SpringBootTestContextBootstrapper - Found @SpringBootConfiguration jp.co.interline.crm.CrmApplication for test class jp.co.interline.crm.CrmApplicationTests
21:41:27.241 [Test worker] DEBUG org.springframework.boot.test.context.SpringBootTestContextBootstrapper - @TestExecutionListeners is not present for class [jp.co.interline.crm.CrmApplicationTests]: using defaults.
21:41:27.241 [Test worker] INFO org.springframework.boot.test.context.SpringBootTestContextBootstrapper - Loaded default TestExecutionListener class names from location [META-INF/spring.factories]: [org.springframework.security.test.context.support.WithSecurityContextTestExecutionListener, org.springframework.security.test.context.support.ReactorContextTestExecutionListener, org.springframework.boot.test.autoconfigure.restdocs.RestDocsTestExecutionListener, org.springframework.boot.test.autoconfigure.web.client.MockRestServiceServerResetTestExecutionListener, org.springframework.boot.test.autoconfigure.web.servlet.MockMvcPrintOnlyOnFailureTestExecutionListener, org.springframework.boot.test.autoconfigure.web.servlet.WebDriverTestExecutionListener, org.springframework.boot.test.autoconfigure.webservices.client.MockWebServiceServerTestExecutionListener, org.springframework.boot.test.mock.mockito.MockitoTestExecutionListener, org.springframework.boot.test.mock.mockito.ResetMocksTestExecutionListener, org.springframework.test.context.web.ServletTestExecutionListener, org.springframework.test.context.support.DirtiesContextBeforeModesTestExecutionListener, org.springframework.test.context.event.ApplicationEventsTestExecutionListener, org.springframework.test.context.support.DependencyInjectionTestExecutionListener, org.springframework.test.context.support.DirtiesContextTestExecutionListener, org.springframework.test.context.transaction.TransactionalTestExecutionListener, org.springframework.test.context.jdbc.SqlScriptsTestExecutionListener, org.springframework.test.context.event.EventPublishingTestExecutionListener]
21:41:27.251 [Test worker] INFO org.springframework.boot.test.context.SpringBootTestContextBootstrapper - Using TestExecutionListeners: [org.springframework.test.context.web.ServletTestExecutionListener@5c48c0c0, org.springframework.test.context.support.DirtiesContextBeforeModesTestExecutionListener@10c8f62, org.springframework.test.context.event.ApplicationEventsTestExecutionListener@674c583e, org.springframework.boot.test.mock.mockito.MockitoTestExecutionListener@25f7391e, org.springframework.boot.test.autoconfigure.SpringBootDependencyInjectionTestExecutionListener@3f23a3a0, org.springframework.test.context.support.DirtiesContextTestExecutionListener@5ab14cb9, org.springframework.test.context.transaction.TransactionalTestExecutionListener@5fb97279, org.springframework.test.context.jdbc.SqlScriptsTestExecutionListener@439a8f59, org.springframework.security.test.context.support.WithSecurityContextTestExecutionListener@61861a29, org.springframework.test.context.event.EventPublishingTestExecutionListener@31024624, org.springframework.security.test.context.support.ReactorContextTestExecutionListener@25bcd0c7, org.springframework.boot.test.autoconfigure.restdocs.RestDocsTestExecutionListener@32cb636e, org.springframework.boot.test.autoconfigure.web.client.MockRestServiceServerResetTestExecutionListener@63cd604c, org.springframework.boot.test.autoconfigure.web.servlet.MockMvcPrintOnlyOnFailureTestExecutionListener@40dd3977, org.springframework.boot.test.autoconfigure.web.servlet.WebDriverTestExecutionListener@3a4e343, org.springframework.boot.test.autoconfigure.webservices.client.MockWebServiceServerTestExecutionListener@6a1d204a, org.springframework.boot.test.mock.mockito.ResetMocksTestExecutionListener@62dae245]
21:41:27.253 [Test worker] DEBUG org.springframework.test.context.support.AbstractDirtiesContextTestExecutionListener - Before test class: context [DefaultTestContext@3a1d593e testClass = CrmApplicationTests, testInstance = [null], testMethod = [null], testException = [null], mergedContextConfiguration = [WebMergedContextConfiguration@4a8a60bc testClass = CrmApplicationTests, locations = '{}', classes = '{class jp.co.interline.crm.CrmApplication}', contextInitializerClasses = '[]', activeProfiles = '{}', propertySourceLocations = '{}', propertySourceProperties = '{org.springframework.boot.test.context.SpringBootTestContextBootstrapper=true}', contextCustomizers = set[org.springframework.boot.test.autoconfigure.actuate.metrics.MetricsExportContextCustomizerFactory$DisableMetricExportContextCustomizer@2dc995f4, org.springframework.boot.test.autoconfigure.properties.PropertyMappingContextCustomizer@0, org.springframework.boot.test.autoconfigure.web.servlet.WebDriverContextCustomizerFactory$Customizer@2654635, org.springframework.boot.test.context.filter.ExcludeFilterContextCustomizer@1e636ea3, org.springframework.boot.test.json.DuplicateJsonObjectContextCustomizerFactory$DuplicateJsonObjectContextCustomizer@63f8276e, org.springframework.boot.test.mock.mockito.MockitoContextCustomizer@0, org.springframework.boot.test.web.client.TestRestTemplateContextCustomizer@6179e425, org.springframework.boot.test.context.SpringBootTestArgs@1, org.springframework.boot.test.context.SpringBootTestWebEnvironment@1de5f259], resourceBasePath = 'src/main/webapp', contextLoader = 'org.springframework.boot.test.context.SpringBootContextLoader', parent = [null]], attributes = map['org.springframework.test.context.web.ServletTestExecutionListener.activateListener' -> true]], class annotated with @DirtiesContext [false] with mode [null].

  .   ____          _            __ _ _
 /\\ / ___'_ __ _ _(_)_ __  __ _ \ \ \ \
( ( )\___ | '_ | '_| | '_ \/ _` | \ \ \ \
 \\/  ___)| |_)| | | | | || (_| |  ) ) ) )
  '  |____| .__|_| |_|_| |_\__, | / / / /
 =========|_|==============|___/=/_/_/_/
 :: Spring Boot ::                (v2.7.5)

2024-11-24 21:41:27.420  INFO 51208 --- [    Test worker] jp.co.interline.crm.CrmApplicationTests  : Starting CrmApplicationTests using Java 17.0.11 on ジュンのパソコン with PID 51208 (started by yjyjy in C:\workspace\crm)
2024-11-24 21:41:27.420 DEBUG 51208 --- [    Test worker] jp.co.interline.crm.CrmApplicationTests  : Running with Spring Boot v2.7.5, Spring v5.3.23
2024-11-24 21:41:27.421  INFO 51208 --- [    Test worker] jp.co.interline.crm.CrmApplicationTests  : The following 1 profile is active: "server"
2024-11-24 21:41:27.437 DEBUG 51208 --- [    Test worker] o.s.w.c.s.GenericWebApplicationContext   : Refreshing org.springframework.web.context.support.GenericWebApplicationContext@516ebdf8
2024-11-24 21:41:27.766  INFO 51208 --- [    Test worker] .s.d.r.c.RepositoryConfigurationDelegate : Bootstrapping Spring Data JPA repositories in DEFAULT mode.
2024-11-24 21:41:27.780  INFO 51208 --- [    Test worker] .s.d.r.c.RepositoryConfigurationDelegate : Finished Spring Data repository scanning in 7 ms. Found 0 JPA repository interfaces.
2024-11-24 21:41:28.074  INFO 51208 --- [    Test worker] com.zaxxer.hikari.HikariDataSource       : HikariPool-1 - Starting...
2024-11-24 21:41:28.243  INFO 51208 --- [    Test worker] com.zaxxer.hikari.HikariDataSource       : HikariPool-1 - Start completed.
2024-11-24 21:41:28.276 DEBUG 51208 --- [    Test worker] o.hibernate.jpa.internal.util.LogHelper  : PersistenceUnitInfo [
	name: default
	persistence provider classname: null
	classloader: jdk.internal.loader.ClassLoaders$AppClassLoader@7852e922
	excludeUnlistedClasses: true
	JTA datasource: null
	Non JTA datasource: HikariDataSource (HikariPool-1)
	Transaction type: RESOURCE_LOCAL
	PU root URL: file:/C:/workspace/crm/build/classes/java/test/
	Shared Cache Mode: UNSPECIFIED
	Validation Mode: AUTO
	Jar files URLs []
	Managed classes names []
	Mapping files names []
	Properties []
2024-11-24 21:41:28.283 DEBUG 51208 --- [    Test worker] o.h.i.internal.IntegratorServiceImpl     : Adding Integrator [org.hibernate.cfg.beanvalidation.BeanValidationIntegrator].
2024-11-24 21:41:28.284 DEBUG 51208 --- [    Test worker] o.h.i.internal.IntegratorServiceImpl     : Adding Integrator [org.hibernate.secure.spi.JaccIntegrator].
2024-11-24 21:41:28.285 DEBUG 51208 --- [    Test worker] o.h.i.internal.IntegratorServiceImpl     : Adding Integrator [org.hibernate.cache.internal.CollectionCacheInvalidator].
2024-11-24 21:41:28.307  INFO 51208 --- [    Test worker] org.hibernate.Version                    : HHH000412: Hibernate ORM core version 5.6.12.Final
2024-11-24 21:41:28.308 DEBUG 51208 --- [    Test worker] org.hibernate.cfg.Environment            : HHH000206: hibernate.properties not found
2024-11-24 21:41:28.414 DEBUG 51208 --- [    Test worker] o.hibernate.service.spi.ServiceBinding   : Overriding existing service binding [org.hibernate.secure.spi.JaccService]
2024-11-24 21:41:28.425 DEBUG 51208 --- [    Test worker] o.h.c.internal.RegionFactoryInitiator    : Cannot default RegionFactory based on registered strategies as `[]` RegionFactory strategies were registered
2024-11-24 21:41:28.425 DEBUG 51208 --- [    Test worker] o.h.c.internal.RegionFactoryInitiator    : Cache region factory : org.hibernate.cache.internal.NoCachingRegionFactory
2024-11-24 21:41:28.435  INFO 51208 --- [    Test worker] o.hibernate.annotations.common.Version   : HCANN000001: Hibernate Commons Annotations {5.1.2.Final}
2024-11-24 21:41:28.454 DEBUG 51208 --- [    Test worker] org.hibernate.type.BasicTypeRegistry     : Adding type registration boolean -> org.hibernate.type.BooleanType@2c16677c
2024-11-24 21:41:28.454 DEBUG 51208 --- [    Test worker] org.hibernate.type.BasicTypeRegistry     : Adding type registration boolean -> org.hibernate.type.BooleanType@2c16677c
2024-11-24 21:41:28.454 DEBUG 51208 --- [    Test worker] org.hibernate.type.BasicTypeRegistry     : Adding type registration java.lang.Boolean -> org.hibernate.type.BooleanType@2c16677c
2024-11-24 21:41:28.454 DEBUG 51208 --- [    Test worker] org.hibernate.type.BasicTypeRegistry     : Adding type registration numeric_boolean -> org.hibernate.type.NumericBooleanType@1124910c
2024-11-24 21:41:28.454 DEBUG 51208 --- [    Test worker] org.hibernate.type.BasicTypeRegistry     : Adding type registration true_false -> org.hibernate.type.TrueFalseType@40f9f60d
2024-11-24 21:41:28.455 DEBUG 51208 --- [    Test worker] org.hibernate.type.BasicTypeRegistry     : Adding type registration yes_no -> org.hibernate.type.YesNoType@1d77746b
2024-11-24 21:41:28.455 DEBUG 51208 --- [    Test worker] org.hibernate.type.BasicTypeRegistry     : Adding type registration byte -> org.hibernate.type.ByteType@7c4d1c7b
2024-11-24 21:41:28.455 DEBUG 51208 --- [    Test worker] org.hibernate.type.BasicTypeRegistry     : Adding type registration byte -> org.hibernate.type.ByteType@7c4d1c7b
2024-11-24 21:41:28.455 DEBUG 51208 --- [    Test worker] org.hibernate.type.BasicTypeRegistry     : Adding type registration java.lang.Byte -> org.hibernate.type.ByteType@7c4d1c7b
2024-11-24 21:41:28.456 DEBUG 51208 --- [    Test worker] org.hibernate.type.BasicTypeRegistry     : Adding type registration character -> org.hibernate.type.CharacterType@1da75dde
2024-11-24 21:41:28.456 DEBUG 51208 --- [    Test worker] org.hibernate.type.BasicTypeRegistry     : Adding type registration char -> org.hibernate.type.CharacterType@1da75dde
2024-11-24 21:41:28.456 DEBUG 51208 --- [    Test worker] org.hibernate.type.BasicTypeRegistry     : Adding type registration java.lang.Character -> org.hibernate.type.CharacterType@1da75dde
2024-11-24 21:41:28.457 DEBUG 51208 --- [    Test worker] org.hibernate.type.BasicTypeRegistry     : Adding type registration short -> org.hibernate.type.ShortType@790654d5
2024-11-24 21:41:28.457 DEBUG 51208 --- [    Test worker] org.hibernate.type.BasicTypeRegistry     : Adding type registration short -> org.hibernate.type.ShortType@790654d5
2024-11-24 21:41:28.457 DEBUG 51208 --- [    Test worker] org.hibernate.type.BasicTypeRegistry     : Adding type registration java.lang.Short -> org.hibernate.type.ShortType@790654d5
2024-11-24 21:41:28.457 DEBUG 51208 --- [    Test worker] org.hibernate.type.BasicTypeRegistry     : Adding type registration integer -> org.hibernate.type.IntegerType@176333ee
2024-11-24 21:41:28.457 DEBUG 51208 --- [    Test worker] org.hibernate.type.BasicTypeRegistry     : Adding type registration int -> org.hibernate.type.IntegerType@176333ee
2024-11-24 21:41:28.457 DEBUG 51208 --- [    Test worker] org.hibernate.type.BasicTypeRegistry     : Adding type registration java.lang.Integer -> org.hibernate.type.IntegerType@176333ee
2024-11-24 21:41:28.459 DEBUG 51208 --- [    Test worker] org.hibernate.type.BasicTypeRegistry     : Adding type registration long -> org.hibernate.type.LongType@41ece227
2024-11-24 21:41:28.459 DEBUG 51208 --- [    Test worker] org.hibernate.type.BasicTypeRegistry     : Adding type registration long -> org.hibernate.type.LongType@41ece227
2024-11-24 21:41:28.459 DEBUG 51208 --- [    Test worker] org.hibernate.type.BasicTypeRegistry     : Adding type registration java.lang.Long -> org.hibernate.type.LongType@41ece227
2024-11-24 21:41:28.459 DEBUG 51208 --- [    Test worker] org.hibernate.type.BasicTypeRegistry     : Adding type registration float -> org.hibernate.type.FloatType@3a5b7d7e
2024-11-24 21:41:28.459 DEBUG 51208 --- [    Test worker] org.hibernate.type.BasicTypeRegistry     : Adding type registration float -> org.hibernate.type.FloatType@3a5b7d7e
2024-11-24 21:41:28.459 DEBUG 51208 --- [    Test worker] org.hibernate.type.BasicTypeRegistry     : Adding type registration java.lang.Float -> org.hibernate.type.FloatType@3a5b7d7e
2024-11-24 21:41:28.460 DEBUG 51208 --- [    Test worker] org.hibernate.type.BasicTypeRegistry     : Adding type registration double -> org.hibernate.type.DoubleType@1f39269d
2024-11-24 21:41:28.460 DEBUG 51208 --- [    Test worker] org.hibernate.type.BasicTypeRegistry     : Adding type registration double -> org.hibernate.type.DoubleType@1f39269d
2024-11-24 21:41:28.460 DEBUG 51208 --- [    Test worker] org.hibernate.type.BasicTypeRegistry     : Adding type registration java.lang.Double -> org.hibernate.type.DoubleType@1f39269d
2024-11-24 21:41:28.461 DEBUG 51208 --- [    Test worker] org.hibernate.type.BasicTypeRegistry     : Adding type registration big_decimal -> org.hibernate.type.BigDecimalType@27d98bef
2024-11-24 21:41:28.461 DEBUG 51208 --- [    Test worker] org.hibernate.type.BasicTypeRegistry     : Adding type registration java.math.BigDecimal -> org.hibernate.type.BigDecimalType@27d98bef
2024-11-24 21:41:28.462 DEBUG 51208 --- [    Test worker] org.hibernate.type.BasicTypeRegistry     : Adding type registration big_integer -> org.hibernate.type.BigIntegerType@671d97bc
2024-11-24 21:41:28.462 DEBUG 51208 --- [    Test worker] org.hibernate.type.BasicTypeRegistry     : Adding type registration java.math.BigInteger -> org.hibernate.type.BigIntegerType@671d97bc
2024-11-24 21:41:28.463 DEBUG 51208 --- [    Test worker] org.hibernate.type.BasicTypeRegistry     : Adding type registration string -> org.hibernate.type.StringType@2712e8f4
2024-11-24 21:41:28.463 DEBUG 51208 --- [    Test worker] org.hibernate.type.BasicTypeRegistry     : Adding type registration java.lang.String -> org.hibernate.type.StringType@2712e8f4
2024-11-24 21:41:28.463 DEBUG 51208 --- [    Test worker] org.hibernate.type.BasicTypeRegistry     : Adding type registration nstring -> org.hibernate.type.StringNVarcharType@3611153f
2024-11-24 21:41:28.463 DEBUG 51208 --- [    Test worker] org.hibernate.type.BasicTypeRegistry     : Adding type registration ncharacter -> org.hibernate.type.CharacterNCharType@4a2e1e52
2024-11-24 21:41:28.464 DEBUG 51208 --- [    Test worker] org.hibernate.type.BasicTypeRegistry     : Adding type registration url -> org.hibernate.type.UrlType@6f986501
2024-11-24 21:41:28.464 DEBUG 51208 --- [    Test worker] org.hibernate.type.BasicTypeRegistry     : Adding type registration java.net.URL -> org.hibernate.type.UrlType@6f986501
2024-11-24 21:41:28.464 DEBUG 51208 --- [    Test worker] org.hibernate.type.BasicTypeRegistry     : Adding type registration Duration -> org.hibernate.type.DurationType@2d6a0766
2024-11-24 21:41:28.464 DEBUG 51208 --- [    Test worker] org.hibernate.type.BasicTypeRegistry     : Adding type registration java.time.Duration -> org.hibernate.type.DurationType@2d6a0766
2024-11-24 21:41:28.465 DEBUG 51208 --- [    Test worker] org.hibernate.type.BasicTypeRegistry     : Adding type registration Instant -> org.hibernate.type.InstantType@6d8b7ea9
2024-11-24 21:41:28.465 DEBUG 51208 --- [    Test worker] org.hibernate.type.BasicTypeRegistry     : Adding type registration java.time.Instant -> org.hibernate.type.InstantType@6d8b7ea9
2024-11-24 21:41:28.465 DEBUG 51208 --- [    Test worker] org.hibernate.type.BasicTypeRegistry     : Adding type registration LocalDateTime -> org.hibernate.type.LocalDateTimeType@278fe428
2024-11-24 21:41:28.465 DEBUG 51208 --- [    Test worker] org.hibernate.type.BasicTypeRegistry     : Adding type registration java.time.LocalDateTime -> org.hibernate.type.LocalDateTimeType@278fe428
2024-11-24 21:41:28.466 DEBUG 51208 --- [    Test worker] org.hibernate.type.BasicTypeRegistry     : Adding type registration LocalDate -> org.hibernate.type.LocalDateType@1186374c
2024-11-24 21:41:28.466 DEBUG 51208 --- [    Test worker] org.hibernate.type.BasicTypeRegistry     : Adding type registration java.time.LocalDate -> org.hibernate.type.LocalDateType@1186374c
2024-11-24 21:41:28.466 DEBUG 51208 --- [    Test worker] org.hibernate.type.BasicTypeRegistry     : Adding type registration LocalTime -> org.hibernate.type.LocalTimeType@731db93f
2024-11-24 21:41:28.466 DEBUG 51208 --- [    Test worker] org.hibernate.type.BasicTypeRegistry     : Adding type registration java.time.LocalTime -> org.hibernate.type.LocalTimeType@731db93f
2024-11-24 21:41:28.467 DEBUG 51208 --- [    Test worker] org.hibernate.type.BasicTypeRegistry     : Adding type registration OffsetDateTime -> org.hibernate.type.OffsetDateTimeType@6eabe718
2024-11-24 21:41:28.467 DEBUG 51208 --- [    Test worker] org.hibernate.type.BasicTypeRegistry     : Adding type registration java.time.OffsetDateTime -> org.hibernate.type.OffsetDateTimeType@6eabe718
2024-11-24 21:41:28.467 DEBUG 51208 --- [    Test worker] org.hibernate.type.BasicTypeRegistry     : Adding type registration OffsetTime -> org.hibernate.type.OffsetTimeType@73b74615
2024-11-24 21:41:28.467 DEBUG 51208 --- [    Test worker] org.hibernate.type.BasicTypeRegistry     : Adding type registration java.time.OffsetTime -> org.hibernate.type.OffsetTimeType@73b74615
2024-11-24 21:41:28.468 DEBUG 51208 --- [    Test worker] org.hibernate.type.BasicTypeRegistry     : Adding type registration ZonedDateTime -> org.hibernate.type.ZonedDateTimeType@192b472d
2024-11-24 21:41:28.468 DEBUG 51208 --- [    Test worker] org.hibernate.type.BasicTypeRegistry     : Adding type registration java.time.ZonedDateTime -> org.hibernate.type.ZonedDateTimeType@192b472d
2024-11-24 21:41:28.469 DEBUG 51208 --- [    Test worker] org.hibernate.type.BasicTypeRegistry     : Adding type registration date -> org.hibernate.type.DateType@542c65d9
2024-11-24 21:41:28.469 DEBUG 51208 --- [    Test worker] org.hibernate.type.BasicTypeRegistry     : Adding type registration java.sql.Date -> org.hibernate.type.DateType@542c65d9
2024-11-24 21:41:28.469 DEBUG 51208 --- [    Test worker] org.hibernate.type.BasicTypeRegistry     : Adding type registration time -> org.hibernate.type.TimeType@16b64a03
2024-11-24 21:41:28.469 DEBUG 51208 --- [    Test worker] org.hibernate.type.BasicTypeRegistry     : Adding type registration java.sql.Time -> org.hibernate.type.TimeType@16b64a03
2024-11-24 21:41:28.470 DEBUG 51208 --- [    Test worker] org.hibernate.type.BasicTypeRegistry     : Adding type registration timestamp -> org.hibernate.type.TimestampType@1a2724d3
2024-11-24 21:41:28.470 DEBUG 51208 --- [    Test worker] org.hibernate.type.BasicTypeRegistry     : Adding type registration java.sql.Timestamp -> org.hibernate.type.TimestampType@1a2724d3
2024-11-24 21:41:28.470 DEBUG 51208 --- [    Test worker] org.hibernate.type.BasicTypeRegistry     : Adding type registration java.util.Date -> org.hibernate.type.TimestampType@1a2724d3
2024-11-24 21:41:28.471 DEBUG 51208 --- [    Test worker] org.hibernate.type.BasicTypeRegistry     : Adding type registration dbtimestamp -> org.hibernate.type.DbTimestampType@19faedcc
2024-11-24 21:41:28.471 DEBUG 51208 --- [    Test worker] org.hibernate.type.BasicTypeRegistry     : Adding type registration calendar -> org.hibernate.type.CalendarType@5b4954b2
2024-11-24 21:41:28.471 DEBUG 51208 --- [    Test worker] org.hibernate.type.BasicTypeRegistry     : Adding type registration java.util.Calendar -> org.hibernate.type.CalendarType@5b4954b2
2024-11-24 21:41:28.471 DEBUG 51208 --- [    Test worker] org.hibernate.type.BasicTypeRegistry     : Adding type registration java.util.GregorianCalendar -> org.hibernate.type.CalendarType@5b4954b2
2024-11-24 21:41:28.472 DEBUG 51208 --- [    Test worker] org.hibernate.type.BasicTypeRegistry     : Adding type registration calendar_date -> org.hibernate.type.CalendarDateType@bfe47a8
2024-11-24 21:41:28.472 DEBUG 51208 --- [    Test worker] org.hibernate.type.BasicTypeRegistry     : Adding type registration calendar_time -> org.hibernate.type.CalendarTimeType@283d3628
2024-11-24 21:41:28.472 DEBUG 51208 --- [    Test worker] org.hibernate.type.BasicTypeRegistry     : Adding type registration locale -> org.hibernate.type.LocaleType@26a45089
2024-11-24 21:41:28.472 DEBUG 51208 --- [    Test worker] org.hibernate.type.BasicTypeRegistry     : Adding type registration java.util.Locale -> org.hibernate.type.LocaleType@26a45089
2024-11-24 21:41:28.473 DEBUG 51208 --- [    Test worker] org.hibernate.type.BasicTypeRegistry     : Adding type registration currency -> org.hibernate.type.CurrencyType@33e50ff2
2024-11-24 21:41:28.473 DEBUG 51208 --- [    Test worker] org.hibernate.type.BasicTypeRegistry     : Adding type registration java.util.Currency -> org.hibernate.type.CurrencyType@33e50ff2
2024-11-24 21:41:28.473 DEBUG 51208 --- [    Test worker] org.hibernate.type.BasicTypeRegistry     : Adding type registration timezone -> org.hibernate.type.TimeZoneType@138a85d3
2024-11-24 21:41:28.473 DEBUG 51208 --- [    Test worker] org.hibernate.type.BasicTypeRegistry     : Adding type registration java.util.TimeZone -> org.hibernate.type.TimeZoneType@138a85d3
2024-11-24 21:41:28.474 DEBUG 51208 --- [    Test worker] org.hibernate.type.BasicTypeRegistry     : Adding type registration class -> org.hibernate.type.ClassType@67e6eb52
2024-11-24 21:41:28.474 DEBUG 51208 --- [    Test worker] org.hibernate.type.BasicTypeRegistry     : Adding type registration java.lang.Class -> org.hibernate.type.ClassType@67e6eb52
2024-11-24 21:41:28.474 DEBUG 51208 --- [    Test worker] org.hibernate.type.BasicTypeRegistry     : Adding type registration uuid-binary -> org.hibernate.type.UUIDBinaryType@45796b2a
2024-11-24 21:41:28.474 DEBUG 51208 --- [    Test worker] org.hibernate.type.BasicTypeRegistry     : Adding type registration java.util.UUID -> org.hibernate.type.UUIDBinaryType@45796b2a
2024-11-24 21:41:28.475 DEBUG 51208 --- [    Test worker] org.hibernate.type.BasicTypeRegistry     : Adding type registration uuid-char -> org.hibernate.type.UUIDCharType@32e697ac
2024-11-24 21:41:28.475 DEBUG 51208 --- [    Test worker] org.hibernate.type.BasicTypeRegistry     : Adding type registration binary -> org.hibernate.type.BinaryType@655621fd
2024-11-24 21:41:28.475 DEBUG 51208 --- [    Test worker] org.hibernate.type.BasicTypeRegistry     : Adding type registration byte[] -> org.hibernate.type.BinaryType@655621fd
2024-11-24 21:41:28.476 DEBUG 51208 --- [    Test worker] org.hibernate.type.BasicTypeRegistry     : Adding type registration [B -> org.hibernate.type.BinaryType@655621fd
2024-11-24 21:41:28.476 DEBUG 51208 --- [    Test worker] org.hibernate.type.BasicTypeRegistry     : Adding type registration wrapper-binary -> org.hibernate.type.WrapperBinaryType@62108cd3
2024-11-24 21:41:28.476 DEBUG 51208 --- [    Test worker] org.hibernate.type.BasicTypeRegistry     : Adding type registration Byte[] -> org.hibernate.type.WrapperBinaryType@62108cd3
2024-11-24 21:41:28.476 DEBUG 51208 --- [    Test worker] org.hibernate.type.BasicTypeRegistry     : Adding type registration [Ljava.lang.Byte; -> org.hibernate.type.WrapperBinaryType@62108cd3
2024-11-24 21:41:28.477 DEBUG 51208 --- [    Test worker] org.hibernate.type.BasicTypeRegistry     : Adding type registration row_version -> org.hibernate.type.RowVersionType@28dd81ad
2024-11-24 21:41:28.477 DEBUG 51208 --- [    Test worker] org.hibernate.type.BasicTypeRegistry     : Adding type registration image -> org.hibernate.type.ImageType@6f24ce45
2024-11-24 21:41:28.477 DEBUG 51208 --- [    Test worker] org.hibernate.type.BasicTypeRegistry     : Adding type registration characters -> org.hibernate.type.CharArrayType@78545d40
2024-11-24 21:41:28.477 DEBUG 51208 --- [    Test worker] org.hibernate.type.BasicTypeRegistry     : Adding type registration char[] -> org.hibernate.type.CharArrayType@78545d40
2024-11-24 21:41:28.477 DEBUG 51208 --- [    Test worker] org.hibernate.type.BasicTypeRegistry     : Adding type registration [C -> org.hibernate.type.CharArrayType@78545d40
2024-11-24 21:41:28.478 DEBUG 51208 --- [    Test worker] org.hibernate.type.BasicTypeRegistry     : Adding type registration wrapper-characters -> org.hibernate.type.CharacterArrayType@32b112a1
2024-11-24 21:41:28.478 DEBUG 51208 --- [    Test worker] org.hibernate.type.BasicTypeRegistry     : Adding type registration [Ljava.lang.Character; -> org.hibernate.type.CharacterArrayType@32b112a1
2024-11-24 21:41:28.478 DEBUG 51208 --- [    Test worker] org.hibernate.type.BasicTypeRegistry     : Adding type registration Character[] -> org.hibernate.type.CharacterArrayType@32b112a1
2024-11-24 21:41:28.478 DEBUG 51208 --- [    Test worker] org.hibernate.type.BasicTypeRegistry     : Adding type registration text -> org.hibernate.type.TextType@56b9d43f
2024-11-24 21:41:28.478 DEBUG 51208 --- [    Test worker] org.hibernate.type.BasicTypeRegistry     : Adding type registration ntext -> org.hibernate.type.NTextType@595814a1
2024-11-24 21:41:28.479 DEBUG 51208 --- [    Test worker] org.hibernate.type.BasicTypeRegistry     : Adding type registration blob -> org.hibernate.type.BlobType@30afb481
2024-11-24 21:41:28.479 DEBUG 51208 --- [    Test worker] org.hibernate.type.BasicTypeRegistry     : Adding type registration java.sql.Blob -> org.hibernate.type.BlobType@30afb481
2024-11-24 21:41:28.479 DEBUG 51208 --- [    Test worker] org.hibernate.type.BasicTypeRegistry     : Adding type registration materialized_blob -> org.hibernate.type.MaterializedBlobType@3c09a350
2024-11-24 21:41:28.480 DEBUG 51208 --- [    Test worker] org.hibernate.type.BasicTypeRegistry     : Adding type registration clob -> org.hibernate.type.ClobType@c11332b
2024-11-24 21:41:28.480 DEBUG 51208 --- [    Test worker] org.hibernate.type.BasicTypeRegistry     : Adding type registration java.sql.Clob -> org.hibernate.type.ClobType@c11332b
2024-11-24 21:41:28.481 DEBUG 51208 --- [    Test worker] org.hibernate.type.BasicTypeRegistry     : Adding type registration nclob -> org.hibernate.type.NClobType@473847fb
2024-11-24 21:41:28.481 DEBUG 51208 --- [    Test worker] org.hibernate.type.BasicTypeRegistry     : Adding type registration java.sql.NClob -> org.hibernate.type.NClobType@473847fb
2024-11-24 21:41:28.481 DEBUG 51208 --- [    Test worker] org.hibernate.type.BasicTypeRegistry     : Adding type registration materialized_clob -> org.hibernate.type.MaterializedClobType@43786627
2024-11-24 21:41:28.481 DEBUG 51208 --- [    Test worker] org.hibernate.type.BasicTypeRegistry     : Adding type registration materialized_nclob -> org.hibernate.type.MaterializedNClobType@74707df8
2024-11-24 21:41:28.482 DEBUG 51208 --- [    Test worker] org.hibernate.type.BasicTypeRegistry     : Adding type registration serializable -> org.hibernate.type.SerializableType@21b744ec
2024-11-24 21:41:28.484 DEBUG 51208 --- [    Test worker] org.hibernate.type.BasicTypeRegistry     : Adding type registration object -> org.hibernate.type.ObjectType@57bdceaa
2024-11-24 21:41:28.484 DEBUG 51208 --- [    Test worker] org.hibernate.type.BasicTypeRegistry     : Adding type registration java.lang.Object -> org.hibernate.type.ObjectType@57bdceaa
2024-11-24 21:41:28.484 DEBUG 51208 --- [    Test worker] org.hibernate.type.BasicTypeRegistry     : Adding type registration imm_date -> org.hibernate.type.AdaptedImmutableType@2d2fc130
2024-11-24 21:41:28.484 DEBUG 51208 --- [    Test worker] org.hibernate.type.BasicTypeRegistry     : Adding type registration imm_time -> org.hibernate.type.AdaptedImmutableType@7bbdb220
2024-11-24 21:41:28.484 DEBUG 51208 --- [    Test worker] org.hibernate.type.BasicTypeRegistry     : Adding type registration imm_timestamp -> org.hibernate.type.AdaptedImmutableType@6d001fbe
2024-11-24 21:41:28.484 DEBUG 51208 --- [    Test worker] org.hibernate.type.BasicTypeRegistry     : Adding type registration imm_dbtimestamp -> org.hibernate.type.AdaptedImmutableType@d120d7c
2024-11-24 21:41:28.484 DEBUG 51208 --- [    Test worker] org.hibernate.type.BasicTypeRegistry     : Adding type registration imm_calendar -> org.hibernate.type.AdaptedImmutableType@5ee77baf
2024-11-24 21:41:28.484 DEBUG 51208 --- [    Test worker] org.hibernate.type.BasicTypeRegistry     : Adding type registration imm_calendar_date -> org.hibernate.type.AdaptedImmutableType@485deee1
2024-11-24 21:41:28.484 DEBUG 51208 --- [    Test worker] org.hibernate.type.BasicTypeRegistry     : Adding type registration imm_binary -> org.hibernate.type.AdaptedImmutableType@25cde5bb
2024-11-24 21:41:28.484 DEBUG 51208 --- [    Test worker] org.hibernate.type.BasicTypeRegistry     : Adding type registration imm_serializable -> org.hibernate.type.AdaptedImmutableType@38a96593
2024-11-24 21:41:28.490 DEBUG 51208 --- [    Test worker] o.h.boot.internal.BootstrapContextImpl   : Injecting JPA temp ClassLoader [org.springframework.instrument.classloading.SimpleThrowawayClassLoader@7433ca19] into BootstrapContext; was [null]
2024-11-24 21:41:28.490 DEBUG 51208 --- [    Test worker] o.h.boot.internal.ClassLoaderAccessImpl  : ClassLoaderAccessImpl#injectTempClassLoader(org.springframework.instrument.classloading.SimpleThrowawayClassLoader@7433ca19) [was null]
2024-11-24 21:41:28.490 DEBUG 51208 --- [    Test worker] o.h.boot.internal.BootstrapContextImpl   : Injecting ScanEnvironment [org.hibernate.jpa.boot.internal.StandardJpaScanEnvironmentImpl@59fea5f5] into BootstrapContext; was [null]
2024-11-24 21:41:28.490 DEBUG 51208 --- [    Test worker] o.h.boot.internal.BootstrapContextImpl   : Injecting ScanOptions [org.hibernate.boot.archive.scan.internal.StandardScanOptions@78eafad] into BootstrapContext; was [org.hibernate.boot.archive.scan.internal.StandardScanOptions@70f4abc1]
2024-11-24 21:41:28.496 DEBUG 51208 --- [    Test worker] o.h.boot.internal.BootstrapContextImpl   : Injecting JPA temp ClassLoader [null] into BootstrapContext; was [org.springframework.instrument.classloading.SimpleThrowawayClassLoader@7433ca19]
2024-11-24 21:41:28.496 DEBUG 51208 --- [    Test worker] o.h.boot.internal.ClassLoaderAccessImpl  : ClassLoaderAccessImpl#injectTempClassLoader(null) [was org.springframework.instrument.classloading.SimpleThrowawayClassLoader@7433ca19]
2024-11-24 21:41:28.502 DEBUG 51208 --- [    Test worker] .i.f.i.DefaultIdentifierGeneratorFactory : Registering IdentifierGenerator strategy [uuid2] -> [org.hibernate.id.UUIDGenerator]
2024-11-24 21:41:28.502 DEBUG 51208 --- [    Test worker] .i.f.i.DefaultIdentifierGeneratorFactory : Registering IdentifierGenerator strategy [guid] -> [org.hibernate.id.GUIDGenerator]
2024-11-24 21:41:28.503 DEBUG 51208 --- [    Test worker] .i.f.i.DefaultIdentifierGeneratorFactory : Registering IdentifierGenerator strategy [uuid] -> [org.hibernate.id.UUIDHexGenerator]
2024-11-24 21:41:28.503 DEBUG 51208 --- [    Test worker] .i.f.i.DefaultIdentifierGeneratorFactory : Registering IdentifierGenerator strategy [uuid.hex] -> [org.hibernate.id.UUIDHexGenerator]
2024-11-24 21:41:28.503 DEBUG 51208 --- [    Test worker] .i.f.i.DefaultIdentifierGeneratorFactory : Registering IdentifierGenerator strategy [assigned] -> [org.hibernate.id.Assigned]
2024-11-24 21:41:28.503 DEBUG 51208 --- [    Test worker] .i.f.i.DefaultIdentifierGeneratorFactory : Registering IdentifierGenerator strategy [identity] -> [org.hibernate.id.IdentityGenerator]
2024-11-24 21:41:28.503 DEBUG 51208 --- [    Test worker] .i.f.i.DefaultIdentifierGeneratorFactory : Registering IdentifierGenerator strategy [select] -> [org.hibernate.id.SelectGenerator]
2024-11-24 21:41:28.504 DEBUG 51208 --- [    Test worker] .i.f.i.DefaultIdentifierGeneratorFactory : Registering IdentifierGenerator strategy [sequence] -> [org.hibernate.id.enhanced.SequenceStyleGenerator]
2024-11-24 21:41:28.504 DEBUG 51208 --- [    Test worker] .i.f.i.DefaultIdentifierGeneratorFactory : Registering IdentifierGenerator strategy [seqhilo] -> [org.hibernate.id.SequenceHiLoGenerator]
2024-11-24 21:41:28.505 DEBUG 51208 --- [    Test worker] .i.f.i.DefaultIdentifierGeneratorFactory : Registering IdentifierGenerator strategy [increment] -> [org.hibernate.id.IncrementGenerator]
2024-11-24 21:41:28.505 DEBUG 51208 --- [    Test worker] .i.f.i.DefaultIdentifierGeneratorFactory : Registering IdentifierGenerator strategy [foreign] -> [org.hibernate.id.ForeignGenerator]
2024-11-24 21:41:28.505 DEBUG 51208 --- [    Test worker] .i.f.i.DefaultIdentifierGeneratorFactory : Registering IdentifierGenerator strategy [sequence-identity] -> [org.hibernate.id.SequenceIdentityGenerator]
2024-11-24 21:41:28.505 DEBUG 51208 --- [    Test worker] .i.f.i.DefaultIdentifierGeneratorFactory : Registering IdentifierGenerator strategy [enhanced-sequence] -> [org.hibernate.id.enhanced.SequenceStyleGenerator]
2024-11-24 21:41:28.506 DEBUG 51208 --- [    Test worker] .i.f.i.DefaultIdentifierGeneratorFactory : Registering IdentifierGenerator strategy [enhanced-table] -> [org.hibernate.id.enhanced.TableGenerator]
2024-11-24 21:41:28.508 DEBUG 51208 --- [    Test worker] o.h.e.j.e.i.JdbcEnvironmentInitiator     : Database ->
       name : MySQL
    version : 8.0.35
      major : 8
      minor : 0
2024-11-24 21:41:28.508 DEBUG 51208 --- [    Test worker] o.h.e.j.e.i.JdbcEnvironmentInitiator     : Driver ->
       name : MySQL Connector/J
    version : mysql-connector-j-8.0.31 (Revision: 0c86fc148d567b62266c2302bdad0f1e7a7e4eba)
      major : 8
      minor : 0
2024-11-24 21:41:28.508 DEBUG 51208 --- [    Test worker] o.h.e.j.e.i.JdbcEnvironmentInitiator     : JDBC version : 4.2
2024-11-24 21:41:28.516  INFO 51208 --- [    Test worker] org.hibernate.dialect.Dialect            : HHH000400: Using dialect: org.hibernate.dialect.MySQL8Dialect
2024-11-24 21:41:28.527 DEBUG 51208 --- [    Test worker] o.h.e.j.env.spi.IdentifierHelperBuilder  : JDBC driver metadata reported database stores quoted identifiers in more than one case
2024-11-24 21:41:28.527 DEBUG 51208 --- [    Test worker] o.h.e.j.env.spi.IdentifierHelperBuilder  : IdentifierCaseStrategy for both quoted and unquoted identifiers was set to the same strategy [LOWER]; that will likely lead to problems in schema update and validation if using quoted identifiers
2024-11-24 21:41:28.535 DEBUG 51208 --- [    Test worker] o.h.type.spi.TypeConfiguration$Scope     : Scoping TypeConfiguration [org.hibernate.type.spi.TypeConfiguration@1a7d0c9f] to MetadataBuildingContext [org.hibernate.boot.internal.MetadataBuildingContextRootImpl@2b1a901d]
2024-11-24 21:41:28.552 DEBUG 51208 --- [    Test worker] o.h.boot.model.relational.Namespace      : Created database namespace [logicalName=Name{catalog=null, schema=null}, physicalName=Name{catalog=null, schema=null}]
2024-11-24 21:41:28.573 DEBUG 51208 --- [    Test worker] o.hibernate.internal.SessionFactoryImpl  : Building session factory
2024-11-24 21:41:28.574 DEBUG 51208 --- [    Test worker] org.hibernate.cfg.Settings               : SessionFactory name : null
2024-11-24 21:41:28.574 DEBUG 51208 --- [    Test worker] org.hibernate.cfg.Settings               : Automatic flush during beforeCompletion(): enabled
2024-11-24 21:41:28.574 DEBUG 51208 --- [    Test worker] org.hibernate.cfg.Settings               : Automatic session close at end of transaction: disabled
2024-11-24 21:41:28.574 DEBUG 51208 --- [    Test worker] org.hibernate.cfg.Settings               : Statistics: disabled
2024-11-24 21:41:28.574 DEBUG 51208 --- [    Test worker] org.hibernate.cfg.Settings               : Deleted entity synthetic identifier rollback: disabled
2024-11-24 21:41:28.574 DEBUG 51208 --- [    Test worker] org.hibernate.cfg.Settings               : Default entity-mode: pojo
2024-11-24 21:41:28.574 DEBUG 51208 --- [    Test worker] org.hibernate.cfg.Settings               : Check Nullability in Core (should be disabled when Bean Validation is on): enabled
2024-11-24 21:41:28.574 DEBUG 51208 --- [    Test worker] org.hibernate.cfg.Settings               : Allow initialization of lazy state outside session : disabled
2024-11-24 21:41:28.574 DEBUG 51208 --- [    Test worker] org.hibernate.cfg.Settings               : Using BatchFetchStyle : LEGACY
2024-11-24 21:41:28.574 DEBUG 51208 --- [    Test worker] org.hibernate.cfg.Settings               : Default batch fetch size: -1
2024-11-24 21:41:28.574 DEBUG 51208 --- [    Test worker] org.hibernate.cfg.Settings               : Maximum outer join fetch depth: 2
2024-11-24 21:41:28.574 DEBUG 51208 --- [    Test worker] org.hibernate.cfg.Settings               : Default null ordering: NONE
2024-11-24 21:41:28.574 DEBUG 51208 --- [    Test worker] org.hibernate.cfg.Settings               : Order SQL updates by primary key: disabled
2024-11-24 21:41:28.574 DEBUG 51208 --- [    Test worker] org.hibernate.cfg.Settings               : Order SQL inserts for batching: disabled
2024-11-24 21:41:28.574 DEBUG 51208 --- [    Test worker] org.hibernate.cfg.Settings               : multi-tenancy strategy : NONE
2024-11-24 21:41:28.574 DEBUG 51208 --- [    Test worker] org.hibernate.cfg.Settings               : JTA Track by Thread: enabled
2024-11-24 21:41:28.574 DEBUG 51208 --- [    Test worker] org.hibernate.cfg.Settings               : Query language substitutions: {}
2024-11-24 21:41:28.574 DEBUG 51208 --- [    Test worker] org.hibernate.cfg.Settings               : Named query checking : enabled
2024-11-24 21:41:28.574 DEBUG 51208 --- [    Test worker] org.hibernate.cfg.Settings               : Second-level cache: disabled
2024-11-24 21:41:28.574 DEBUG 51208 --- [    Test worker] org.hibernate.cfg.Settings               : Second-level query cache: disabled
2024-11-24 21:41:28.574 DEBUG 51208 --- [    Test worker] org.hibernate.cfg.Settings               : Second-level query cache factory: null
2024-11-24 21:41:28.574 DEBUG 51208 --- [    Test worker] org.hibernate.cfg.Settings               : Second-level cache region prefix: null
2024-11-24 21:41:28.574 DEBUG 51208 --- [    Test worker] org.hibernate.cfg.Settings               : Optimize second-level cache for minimal puts: disabled
2024-11-24 21:41:28.574 DEBUG 51208 --- [    Test worker] org.hibernate.cfg.Settings               : Structured second-level cache entries: disabled
2024-11-24 21:41:28.575 DEBUG 51208 --- [    Test worker] org.hibernate.cfg.Settings               : Second-level cache direct-reference entries: disabled
2024-11-24 21:41:28.575 DEBUG 51208 --- [    Test worker] org.hibernate.cfg.Settings               : Automatic eviction of collection cache: disabled
2024-11-24 21:41:28.575 DEBUG 51208 --- [    Test worker] org.hibernate.cfg.Settings               : JDBC batch size: 15
2024-11-24 21:41:28.575 DEBUG 51208 --- [    Test worker] org.hibernate.cfg.Settings               : JDBC batch updates for versioned data: enabled
2024-11-24 21:41:28.575 DEBUG 51208 --- [    Test worker] org.hibernate.cfg.Settings               : Scrollable result sets: enabled
2024-11-24 21:41:28.575 DEBUG 51208 --- [    Test worker] org.hibernate.cfg.Settings               : Wrap result sets: disabled
2024-11-24 21:41:28.575 DEBUG 51208 --- [    Test worker] org.hibernate.cfg.Settings               : JDBC3 getGeneratedKeys(): enabled
2024-11-24 21:41:28.575 DEBUG 51208 --- [    Test worker] org.hibernate.cfg.Settings               : JDBC result set fetch size: null
2024-11-24 21:41:28.575 DEBUG 51208 --- [    Test worker] org.hibernate.cfg.Settings               : Connection release mode: ON_CLOSE
2024-11-24 21:41:28.575 DEBUG 51208 --- [    Test worker] org.hibernate.cfg.Settings               : Generate SQL with comments: disabled
2024-11-24 21:41:28.575 DEBUG 51208 --- [    Test worker] org.hibernate.cfg.Settings               : JPA compliance - query : disabled
2024-11-24 21:41:28.575 DEBUG 51208 --- [    Test worker] org.hibernate.cfg.Settings               : JPA compliance - closed-handling : disabled
2024-11-24 21:41:28.575 DEBUG 51208 --- [    Test worker] org.hibernate.cfg.Settings               : JPA compliance - lists : disabled
2024-11-24 21:41:28.575 DEBUG 51208 --- [    Test worker] org.hibernate.cfg.Settings               : JPA compliance - transactions : disabled
2024-11-24 21:41:28.596 DEBUG 51208 --- [    Test worker] .h.s.i.SessionFactoryServiceRegistryImpl : EventListenerRegistry access via ServiceRegistry is deprecated.  Use `sessionFactory.getEventEngine().getListenerRegistry()` instead
2024-11-24 21:41:28.597 DEBUG 51208 --- [    Test worker] .h.s.i.SessionFactoryServiceRegistryImpl : EventListenerRegistry access via ServiceRegistry is deprecated.  Use `sessionFactory.getEventEngine().getListenerRegistry()` instead
2024-11-24 21:41:28.604 DEBUG 51208 --- [    Test worker] o.hibernate.internal.SessionFactoryImpl  : Session factory constructed with filter configurations : {}
2024-11-24 21:41:28.604 DEBUG 51208 --- [    Test worker] o.hibernate.internal.SessionFactoryImpl  : Instantiating session factory with properties: {hibernate.id.new_generator_mappings=true, java.specification.version=17, sun.cpu.isalist=amd64, hibernate.resource.beans.container=org.springframework.orm.hibernate5.SpringBeanContainer@7bdb4f17, hibernate.connection.handling_mode=DELAYED_ACQUISITION_AND_HOLD, sun.jnu.encoding=MS949, hibernate.dialect=org.hibernate.dialect.MySQL8Dialect, org.gradle.test.worker=13, hibernate.implicit_naming_strategy=org.springframework.boot.orm.jpa.hibernate.SpringImplicitNamingStrategy, java.class.path=C:\\Users\\yjyjy\\.gradle\\caches\\8.8\\workerMain\\gradle-worker.jar;C:\\workspace\\crm\\build\\classes\\java\\test;C:\\workspace\\crm\\build\\classes\\java\\main;C:\\workspace\\crm\\build\\resources\\main;C:\\Users\\yjyjy\\.gradle\\caches\\modules-2\\files-2.1\\org.springframework.boot\\spring-boot-starter-data-jpa\\2.7.5\\b83184467079d5b808fb2f9fbc858b1804975808\\spring-boot-starter-data-jpa-2.7.5.jar;C:\\Users\\yjyjy\\.gradle\\caches\\modules-2\\files-2.1\\org.springframework.boot\\spring-boot-starter-security\\2.7.5\\cc83d58be6861484d25ae9e2fc6db6564062140d\\spring-boot-starter-security-2.7.5.jar;C:\\Users\\yjyjy\\.gradle\\caches\\modules-2\\files-2.1\\org.springframework.boot\\spring-boot-starter-thymeleaf\\2.7.5\\d2be8d1d822d988924e0a23c81d795ae5aa288f3\\spring-boot-starter-thymeleaf-2.7.5.jar;C:\\Users\\yjyjy\\.gradle\\caches\\modules-2\\files-2.1\\org.springframework.boot\\spring-boot-starter-web\\2.7.5\\bb4099d0466a62c3b11ab9323babca13bb430a2e\\spring-boot-starter-web-2.7.5.jar;C:\\Users\\yjyjy\\.gradle\\caches\\modules-2\\files-2.1\\org.thymeleaf.extras\\thymeleaf-extras-springsecurity5\\3.0.4.RELEASE\\88bb10bf73ce285208dd848e8eb17f897ebb02d4\\thymeleaf-extras-springsecurity5-3.0.4.RELEASE.jar;C:\\Users\\yjyjy\\.gradle\\caches\\modules-2\\files-2.1\\org.mybatis.spring.boot\\mybatis-spring-boot-starter\\2.2.0\\1543d9566e2acaa7230cd8996237a291603ac21f\\mybatis-spring-boot-starter-2.2.0.jar;C:\\Users\\yjyjy\\.gradle\\caches\\modules-2\\files-2.1\\com.mysql\\mysql-connector-j\\8.0.31\\3fd5850719d7e82d50705d34cc6a0037fab5731f\\mysql-connector-j-8.0.31.jar;C:\\Users\\yjyjy\\.gradle\\caches\\modules-2\\files-2.1\\org.mybatis.spring.boot\\mybatis-spring-boot-starter-test\\3.0.3\\b1ad9be6dce278ad0587e473342b0396881de49c\\mybatis-spring-boot-starter-test-3.0.3.jar;C:\\Users\\yjyjy\\.gradle\\caches\\modules-2\\files-2.1\\org.springframework.boot\\spring-boot-starter-test\\2.7.5\\f52fd19eda97bb76bb304f4734c3d654ecca0666\\spring-boot-starter-test-2.7.5.jar;C:\\Users\\yjyjy\\.gradle\\caches\\modules-2\\files-2.1\\org.springframework.security\\spring-security-test\\5.7.4\\4c7c1529e39b5d5657250918be9f5ecb8cb3719b\\spring-security-test-5.7.4.jar;C:\\Users\\yjyjy\\.gradle\\caches\\modules-2\\files-2.1\\org.springframework.boot\\spring-boot-starter-aop\\2.7.5\\ea4b85395faaa3a382f2a582e4bf023d088d320e\\spring-boot-starter-aop-2.7.5.jar;C:\\Users\\yjyjy\\.gradle\\caches\\modules-2\\files-2.1\\org.springframework.boot\\spring-boot-starter-jdbc\\2.7.5\\b57c3f8fb2fe235a8ff368755092371423bbc5b3\\spring-boot-starter-jdbc-2.7.5.jar;C:\\Users\\yjyjy\\.gradle\\caches\\modules-2\\files-2.1\\jakarta.transaction\\jakarta.transaction-api\\1.3.3\\c4179d48720a1e87202115fbed6089bdc4195405\\jakarta.transaction-api-1.3.3.jar;C:\\Users\\yjyjy\\.gradle\\caches\\modules-2\\files-2.1\\jakarta.persistence\\jakarta.persistence-api\\2.2.3\\8f6ea5daedc614f07a3654a455660145286f024e\\jakarta.persistence-api-2.2.3.jar;C:\\Users\\yjyjy\\.gradle\\caches\\modules-2\\files-2.1\\org.hibernate\\hibernate-core\\5.6.12.Final\\66720fe38bdb9515924d559b8aac7b522d7ae171\\hibernate-core-5.6.12.Final.jar;C:\\Users\\yjyjy\\.gradle\\caches\\modules-2\\files-2.1\\org.springframework.data\\spring-data-jpa\\2.7.5\\dc0bb497a33fcd3f82fe0ccfd674476d93889b3d\\spring-data-jpa-2.7.5.jar;C:\\Users\\yjyjy\\.gradle\\caches\\modules-2\\files-2.1\\org.springframework\\spring-aspects\\5.3.23\\35a0f5df4241f794fd79dd2447195ac055e88b8e\\spring-aspects-5.3.23.jar;C:\\Users\\yjyjy\\.gradle\\caches\\modules-2\\files-2.1\\org.springframework.boot\\spring-boot-starter-json\\2.7.5\\9c7df04ff37b2e7471632ddeb4a296c5fb6bddee\\spring-boot-starter-json-2.7.5.jar;C:\\Users\\yjyjy\\.gradle\\caches\\modules-2\\files-2.1\\org.springframework.boot\\spring-boot-starter\\2.7.5\\c28e1546461803490588085345ba5d2897d232bc\\spring-boot-starter-2.7.5.jar;C:\\Users\\yjyjy\\.gradle\\caches\\modules-2\\files-2.1\\org.springframework.security\\spring-security-config\\5.7.4\\fb76b6ee2d2ff36df920f21a2b9130f02345729a\\spring-security-config-5.7.4.jar;C:\\Users\\yjyjy\\.gradle\\caches\\modules-2\\files-2.1\\org.springframework.security\\spring-security-web\\5.7.4\\9e89534c6b9ddbbbda692e83e894c1ca0a8c9266\\spring-security-web-5.7.4.jar;C:\\Users\\yjyjy\\.gradle\\caches\\modules-2\\files-2.1\\org.springframework\\spring-webmvc\\5.3.23\\b163527c275b0374371890c0b76c2a2a09f9804b\\spring-webmvc-5.3.23.jar;C:\\Users\\yjyjy\\.gradle\\caches\\modules-2\\files-2.1\\org.springframework.security\\spring-security-core\\5.7.4\\7e7d4189d115a053976eaebaa6e979ecf43ff2e9\\spring-security-core-5.7.4.jar;C:\\Users\\yjyjy\\.gradle\\caches\\modules-2\\files-2.1\\org.mybatis.spring.boot\\mybatis-spring-boot-test-autoconfigure\\3.0.3\\8c49b2502857480e2efe5c6a623556520fecbbbe\\mybatis-spring-boot-test-autoconfigure-3.0.3.jar;C:\\Users\\yjyjy\\.gradle\\caches\\modules-2\\files-2.1\\org.springframework.boot\\spring-boot-test-autoconfigure\\2.7.5\\b01668d3ed2d5d9e56072108f04030cd2caceb0e\\spring-boot-test-autoconfigure-2.7.5.jar;C:\\Users\\yjyjy\\.gradle\\caches\\modules-2\\files-2.1\\org.springframework.boot\\spring-boot-test\\2.7.5\\2db591bb7568aa41795d595cabf99ef837b860c0\\spring-boot-test-2.7.5.jar;C:\\Users\\yjyjy\\.gradle\\caches\\modules-2\\files-2.1\\org.mybatis.spring.boot\\mybatis-spring-boot-autoconfigure\\2.2.0\\d9cac957ce738a1c5fb8a1ceaf14f8b17931b679\\mybatis-spring-boot-autoconfigure-2.2.0.jar;C:\\Users\\yjyjy\\.gradle\\caches\\modules-2\\files-2.1\\org.springframework.boot\\spring-boot-autoconfigure\\2.7.5\\96646e63a2296d0a3209383e81cdb8c87ab2f913\\spring-boot-autoconfigure-2.7.5.jar;C:\\Users\\yjyjy\\.gradle\\caches\\modules-2\\files-2.1\\org.springframework.boot\\spring-boot\\2.7.5\\fd04e228e6e21b7ad13c10ae29afd31868d842e5\\spring-boot-2.7.5.jar;C:\\Users\\yjyjy\\.gradle\\caches\\modules-2\\files-2.1\\org.springframework\\spring-context\\5.3.23\\530b36b2ce2c9e471c6a260c3f181bcd20325a58\\spring-context-5.3.23.jar;C:\\Users\\yjyjy\\.gradle\\caches\\modules-2\\files-2.1\\org.springframework\\spring-aop\\5.3.23\\30d0034ba29178e98781d85f51a7eb709a628e9b\\spring-aop-5.3.23.jar;C:\\Users\\yjyjy\\.gradle\\caches\\modules-2\\files-2.1\\org.thymeleaf\\thymeleaf-spring5\\3.0.15.RELEASE\\7170e1bcd1588d38c139f7048ebcc262676441c3\\thymeleaf-spring5-3.0.15.RELEASE.jar;C:\\Users\\yjyjy\\.gradle\\caches\\modules-2\\files-2.1\\org.thymeleaf.extras\\thymeleaf-extras-java8time\\3.0.4.RELEASE\\36e7175ddce36c486fff4578b5af7bb32f54f5df\\thymeleaf-extras-java8time-3.0.4.RELEASE.jar;C:\\Users\\yjyjy\\.gradle\\caches\\modules-2\\files-2.1\\org.springframework.boot\\spring-boot-starter-tomcat\\2.7.5\\eb7849c52953de44d9712adf45398ccb1a7d4295\\spring-boot-starter-tomcat-2.7.5.jar;C:\\Users\\yjyjy\\.gradle\\caches\\modules-2\\files-2.1\\org.springframework\\spring-web\\5.3.23\\193f5276092d9cbe3222c63885b47ca7b2cce97\\spring-web-5.3.23.jar;C:\\Users\\yjyjy\\.gradle\\caches\\modules-2\\files-2.1\\com.jayway.jsonpath\\json-path\\2.7.0\\f9d7d9659f2694e61142046ff8a216c047f263e8\\json-path-2.7.0.jar;C:\\Users\\yjyjy\\.gradle\\caches\\modules-2\\files-2.1\\com.zaxxer\\HikariCP\\4.0.3\\107cbdf0db6780a065f895ae9d8fbf3bb0e1c21f\\HikariCP-4.0.3.jar;C:\\Users\\yjyjy\\.gradle\\caches\\modules-2\\files-2.1\\org.springframework.data\\spring-data-commons\\2.7.5\\314b3faf010d9a5bf5a7cf12914e721ad0257f4\\spring-data-commons-2.7.5.jar;C:\\Users\\yjyjy\\.gradle\\caches\\modules-2\\files-2.1\\org.thymeleaf\\thymeleaf\\3.0.15.RELEASE\\13e3296a03d8a597b734d832ed8656139bf9cdd8\\thymeleaf-3.0.15.RELEASE.jar;C:\\Users\\yjyjy\\.gradle\\caches\\modules-2\\files-2.1\\org.springframework.boot\\spring-boot-starter-logging\\2.7.5\\61f4c53e35baa31a269bbeb7bb9d5e781448feef\\spring-boot-starter-logging-2.7.5.jar;C:\\Users\\yjyjy\\.gradle\\caches\\modules-2\\files-2.1\\ch.qos.logback\\logback-classic\\1.2.11\\4741689214e9d1e8408b206506cbe76d1c6a7d60\\logback-classic-1.2.11.jar;C:\\Users\\yjyjy\\.gradle\\caches\\modules-2\\files-2.1\\org.apache.logging.log4j\\log4j-to-slf4j\\2.17.2\\17dd0fae2747d9a28c67bc9534108823d2376b46\\log4j-to-slf4j-2.17.2.jar;C:\\Users\\yjyjy\\.gradle\\caches\\modules-2\\files-2.1\\org.slf4j\\jul-to-slf4j\\1.7.36\\ed46d81cef9c412a88caef405b58f93a678ff2ca\\jul-to-slf4j-1.7.36.jar;C:\\Users\\yjyjy\\.gradle\\caches\\modules-2\\files-2.1\\org.slf4j\\slf4j-api\\1.7.36\\6c62681a2f655b49963a5983b8b0950a6120ae14\\slf4j-api-1.7.36.jar;C:\\Users\\yjyjy\\.gradle\\caches\\modules-2\\files-2.1\\org.mybatis\\mybatis\\3.5.7\\f7974c644bcabae494512bddd105a1733316b376\\mybatis-3.5.7.jar;C:\\Users\\yjyjy\\.gradle\\caches\\modules-2\\files-2.1\\org.mybatis\\mybatis-spring\\2.0.6\\eae03712acdf041a3590b816460945d4bd2691bc\\mybatis-spring-2.0.6.jar;C:\\Users\\yjyjy\\.gradle\\caches\\modules-2\\files-2.1\\org.glassfish.jaxb\\jaxb-runtime\\2.3.7\\ebcde6a44159eb9e3db721dfe6b45f26e6272341\\jaxb-runtime-2.3.7.jar;C:\\Users\\yjyjy\\.gradle\\caches\\modules-2\\files-2.1\\jakarta.xml.bind\\jakarta.xml.bind-api\\2.3.3\\48e3b9cfc10752fba3521d6511f4165bea951801\\jakarta.xml.bind-api-2.3.3.jar;C:\\Users\\yjyjy\\.gradle\\caches\\modules-2\\files-2.1\\org.assertj\\assertj-core\\3.22.0\\c300c0c6a24559f35fa0bd3a5472dc1edcd0111e\\assertj-core-3.22.0.jar;C:\\Users\\yjyjy\\.gradle\\caches\\modules-2\\files-2.1\\org.hamcrest\\hamcrest\\2.2\\1820c0968dba3a11a1b30669bb1f01978a91dedc\\hamcrest-2.2.jar;C:\\Users\\yjyjy\\.gradle\\caches\\modules-2\\files-2.1\\org.mockito\\mockito-junit-jupiter\\4.5.1\\f81fb60bd69b3a6e5537ae23b883326f01632a61\\mockito-junit-jupiter-4.5.1.jar;C:\\Users\\yjyjy\\.gradle\\caches\\modules-2\\files-2.1\\org.junit.jupiter\\junit-jupiter-params\\5.8.2\\ddeafe92fc263f895bfb73ffeca7fd56e23c2cce\\junit-jupiter-params-5.8.2.jar;C:\\Users\\yjyjy\\.gradle\\caches\\modules-2\\files-2.1\\org.junit.jupiter\\junit-jupiter-engine\\5.8.2\\c598b4328d2f397194d11df3b1648d68d7d990e3\\junit-jupiter-engine-5.8.2.jar;C:\\Users\\yjyjy\\.gradle\\caches\\modules-2\\files-2.1\\org.junit.jupiter\\junit-jupiter-api\\5.8.2\\4c21029217adf07e4c0d0c5e192b6bf610c94bdc\\junit-jupiter-api-5.8.2.jar;C:\\Users\\yjyjy\\.gradle\\caches\\modules-2\\files-2.1\\org.junit.platform\\junit-platform-engine\\1.8.2\\b737de09f19864bd136805c84df7999a142fec29\\junit-platform-engine-1.8.2.jar;C:\\Users\\yjyjy\\.gradle\\caches\\modules-2\\files-2.1\\org.junit.platform\\junit-platform-commons\\1.8.2\\32c8b8617c1342376fd5af2053da6410d8866861\\junit-platform-commons-1.8.2.jar;C:\\Users\\yjyjy\\.gradle\\caches\\modules-2\\files-2.1\\org.junit.jupiter\\junit-jupiter\\5.8.2\\5a817b1e63f1217e5c586090c45e681281f097ad\\junit-jupiter-5.8.2.jar;C:\\Users\\yjyjy\\.gradle\\caches\\modules-2\\files-2.1\\org.mockito\\mockito-core\\4.5.1\\ed456e623e5afc6f4cee3ae58144e5c45f3b3bf\\mockito-core-4.5.1.jar;C:\\Users\\yjyjy\\.gradle\\caches\\modules-2\\files-2.1\\org.skyscreamer\\jsonassert\\1.5.1\\6d842d0faf4cf6725c509a5e5347d319ee0431c3\\jsonassert-1.5.1.jar;C:\\Users\\yjyjy\\.gradle\\caches\\modules-2\\files-2.1\\org.springframework\\spring-test\\5.3.23\\d8ef0b0c1a26cf5a62b4e1204717ce6c682e2641\\spring-test-5.3.23.jar;C:\\Users\\yjyjy\\.gradle\\caches\\modules-2\\files-2.1\\org.springframework\\spring-orm\\5.3.23\\7d023546cde0f1b2b8d289c690679f740394298b\\spring-orm-5.3.23.jar;C:\\Users\\yjyjy\\.gradle\\caches\\modules-2\\files-2.1\\org.springframework\\spring-jdbc\\5.3.23\\c859919a644942822e49cb7f2404b2c4d3cba040\\spring-jdbc-5.3.23.jar;C:\\Users\\yjyjy\\.gradle\\caches\\modules-2\\files-2.1\\org.springframework\\spring-tx\\5.3.23\\ab313b4028c62e18fe02defdd5050af704778428\\spring-tx-5.3.23.jar;C:\\Users\\yjyjy\\.gradle\\caches\\modules-2\\files-2.1\\org.springframework\\spring-beans\\5.3.23\\3bdefbf6042ed742cbe16f27d2d14cca9096a606\\spring-beans-5.3.23.jar;C:\\Users\\yjyjy\\.gradle\\caches\\modules-2\\files-2.1\\org.springframework\\spring-expression\\5.3.23\\3a676bf4b9bc42bd37ab5ad264acb6ceb63397a2\\spring-expression-5.3.23.jar;C:\\Users\\yjyjy\\.gradle\\caches\\modules-2\\files-2.1\\org.springframework\\spring-core\\5.3.23\\91407dc1106ea423c44150f3da1a0b4f8e25e5ca\\spring-core-5.3.23.jar;C:\\Users\\yjyjy\\.gradle\\caches\\modules-2\\files-2.1\\org.xmlunit\\xmlunit-core\\2.9.0\\8959725d90eecfee28acd7110e2bb8460285d876\\xmlunit-core-2.9.0.jar;C:\\Users\\yjyjy\\.gradle\\caches\\modules-2\\files-2.1\\org.aspectj\\aspectjweaver\\1.9.7\\158f5c255cd3e4408e795b79f7c3fbae9b53b7ca\\aspectjweaver-1.9.7.jar;C:\\Users\\yjyjy\\.gradle\\caches\\modules-2\\files-2.1\\org.hibernate.common\\hibernate-commons-annotations\\5.1.2.Final\\e59ffdbc6ad09eeb33507b39ffcf287679a498c8\\hibernate-commons-annotations-5.1.2.Final.jar;C:\\Users\\yjyjy\\.gradle\\caches\\modules-2\\files-2.1\\org.jboss.logging\\jboss-logging\\3.4.3.Final\\c4bd7e12a745c0e7f6cf98c45cdcdf482fd827ea\\jboss-logging-3.4.3.Final.jar;C:\\Users\\yjyjy\\.gradle\\caches\\modules-2\\files-2.1\\net.bytebuddy\\byte-buddy\\1.12.18\\875a9c3f29d2f6f499dfd60d76e97a343f9b1233\\byte-buddy-1.12.18.jar;C:\\Users\\yjyjy\\.gradle\\caches\\modules-2\\files-2.1\\antlr\\antlr\\2.7.7\\83cd2cd674a217ade95a4bb83a8a14f351f48bd0\\antlr-2.7.7.jar;C:\\Users\\yjyjy\\.gradle\\caches\\modules-2\\files-2.1\\org.jboss\\jandex\\2.4.2.Final\\1e1c385990b258ff1a24c801e84aebbacf70eb39\\jandex-2.4.2.Final.jar;C:\\Users\\yjyjy\\.gradle\\caches\\modules-2\\files-2.1\\com.fasterxml\\classmate\\1.5.1\\3fe0bed568c62df5e89f4f174c101eab25345b6c\\classmate-1.5.1.jar;C:\\Users\\yjyjy\\.gradle\\caches\\modules-2\\files-2.1\\jakarta.annotation\\jakarta.annotation-api\\1.3.5\\59eb84ee0d616332ff44aba065f3888cf002cd2d\\jakarta.annotation-api-1.3.5.jar;C:\\Users\\yjyjy\\.gradle\\caches\\modules-2\\files-2.1\\org.yaml\\snakeyaml\\1.30\\8fde7fe2586328ac3c68db92045e1c8759125000\\snakeyaml-1.30.jar;C:\\Users\\yjyjy\\.gradle\\caches\\modules-2\\files-2.1\\com.fasterxml.jackson.datatype\\jackson-datatype-jsr310\\2.13.4\\e6d820112871f33cd94a1dcc54eef58874753b5\\jackson-datatype-jsr310-2.13.4.jar;C:\\Users\\yjyjy\\.gradle\\caches\\modules-2\\files-2.1\\com.fasterxml.jackson.module\\jackson-module-parameter-names\\2.13.4\\858ccf6624b5fac6044813e845063edb6a62cf37\\jackson-module-parameter-names-2.13.4.jar;C:\\Users\\yjyjy\\.gradle\\caches\\modules-2\\files-2.1\\com.fasterxml.jackson.core\\jackson-annotations\\2.13.4\\858c6cc78e1f08a885b1613e1d817c829df70a6e\\jackson-annotations-2.13.4.jar;C:\\Users\\yjyjy\\.gradle\\caches\\modules-2\\files-2.1\\com.fasterxml.jackson.core\\jackson-core\\2.13.4\\cf934c681294b97ef6d80082faeefbe1edadf56\\jackson-core-2.13.4.jar;C:\\Users\\yjyjy\\.gradle\\caches\\modules-2\\files-2.1\\com.fasterxml.jackson.datatype\\jackson-datatype-jdk8\\2.13.4\\557dbba5d8dfc7b7f944c58fe084109afcb5670b\\jackson-datatype-jdk8-2.13.4.jar;C:\\Users\\yjyjy\\.gradle\\caches\\modules-2\\files-2.1\\com.fasterxml.jackson.core\\jackson-databind\\2.13.4.2\\325c06bdfeb628cfb80ebaaf1a26cc1eb558a585\\jackson-databind-2.13.4.2.jar;C:\\Users\\yjyjy\\.gradle\\caches\\modules-2\\files-2.1\\org.apache.tomcat.embed\\tomcat-embed-websocket\\9.0.68\\15fc94001bb916a808631422a6488a678496ef94\\tomcat-embed-websocket-9.0.68.jar;C:\\Users\\yjyjy\\.gradle\\caches\\modules-2\\files-2.1\\org.apache.tomcat.embed\\tomcat-embed-core\\9.0.68\\caafeb87d6ff30adda888049c9b81591c7cc20d1\\tomcat-embed-core-9.0.68.jar;C:\\Users\\yjyjy\\.gradle\\caches\\modules-2\\files-2.1\\org.apache.tomcat.embed\\tomcat-embed-el\\9.0.68\\296afe7483256960d7ebdd8dcb4b49775d7cb85f\\tomcat-embed-el-9.0.68.jar;C:\\Users\\yjyjy\\.gradle\\caches\\modules-2\\files-2.1\\net.minidev\\json-smart\\2.4.8\\7c62f5f72ab05eb54d40e2abf0360a2fe9ea477f\\json-smart-2.4.8.jar;C:\\Users\\yjyjy\\.gradle\\caches\\modules-2\\files-2.1\\jakarta.activation\\jakarta.activation-api\\1.2.2\\99f53adba383cb1bf7c3862844488574b559621f\\jakarta.activation-api-1.2.2.jar;C:\\Users\\yjyjy\\.gradle\\caches\\modules-2\\files-2.1\\net.bytebuddy\\byte-buddy-agent\\1.12.18\\417a7310a7bf1c1aae5ca502d26515f9c2f94396\\byte-buddy-agent-1.12.18.jar;C:\\Users\\yjyjy\\.gradle\\caches\\modules-2\\files-2.1\\org.objenesis\\objenesis\\3.2\\7fadf57620c8b8abdf7519533e5527367cb51f09\\objenesis-3.2.jar;C:\\Users\\yjyjy\\.gradle\\caches\\modules-2\\files-2.1\\com.vaadin.external.google\\android-json\\0.0.20131108.vaadin1\\fa26d351fe62a6a17f5cda1287c1c6110dec413f\\android-json-0.0.20131108.vaadin1.jar;C:\\Users\\yjyjy\\.gradle\\caches\\modules-2\\files-2.1\\org.springframework\\spring-jcl\\5.3.23\\3c7eb5fcca67b611065f73ff4325e398f8b051a3\\spring-jcl-5.3.23.jar;C:\\Users\\yjyjy\\.gradle\\caches\\modules-2\\files-2.1\\org.springframework.security\\spring-security-crypto\\5.7.4\\f5924f059764a44a20ce284322cbc49276550134\\spring-security-crypto-5.7.4.jar;C:\\Users\\yjyjy\\.gradle\\caches\\modules-2\\files-2.1\\org.glassfish.jaxb\\txw2\\2.3.7\\55cddcac1945150e09b09b0f89d86799652eee82\\txw2-2.3.7.jar;C:\\Users\\yjyjy\\.gradle\\caches\\modules-2\\files-2.1\\com.sun.istack\\istack-commons-runtime\\3.0.12\\cbbe1a62b0cc6c85972e99d52aaee350153dc530\\istack-commons-runtime-3.0.12.jar;C:\\Users\\yjyjy\\.gradle\\caches\\modules-2\\files-2.1\\com.sun.activation\\jakarta.activation\\1.2.2\\74548703f9851017ce2f556066659438019e7eb5\\jakarta.activation-1.2.2.jar;C:\\Users\\yjyjy\\.gradle\\caches\\modules-2\\files-2.1\\org.attoparser\\attoparser\\2.0.5.RELEASE\\a93ad36df9560de3a5312c1d14f69d938099fa64\\attoparser-2.0.5.RELEASE.jar;C:\\Users\\yjyjy\\.gradle\\caches\\modules-2\\files-2.1\\org.unbescape\\unbescape\\1.1.6.RELEASE\\7b90360afb2b860e09e8347112800d12c12b2a13\\unbescape-1.1.6.RELEASE.jar;C:\\Users\\yjyjy\\.gradle\\caches\\modules-2\\files-2.1\\net.minidev\\accessors-smart\\2.4.8\\6e1bee5a530caba91893604d6ab41d0edcecca9a\\accessors-smart-2.4.8.jar;C:\\Users\\yjyjy\\.gradle\\caches\\modules-2\\files-2.1\\org.opentest4j\\opentest4j\\1.2.0\\28c11eb91f9b6d8e200631d46e20a7f407f2a046\\opentest4j-1.2.0.jar;C:\\Users\\yjyjy\\.gradle\\caches\\modules-2\\files-2.1\\ch.qos.logback\\logback-core\\1.2.11\\a01230df5ca5c34540cdaa3ad5efb012f1f1f792\\logback-core-1.2.11.jar;C:\\Users\\yjyjy\\.gradle\\caches\\modules-2\\files-2.1\\org.apache.logging.log4j\\log4j-api\\2.17.2\\f42d6afa111b4dec5d2aea0fe2197240749a4ea6\\log4j-api-2.17.2.jar;C:\\Users\\yjyjy\\.gradle\\caches\\modules-2\\files-2.1\\org.ow2.asm\\asm\\9.1\\a99500cf6eea30535eeac6be73899d048f8d12a8\\asm-9.1.jar;C:\\Users\\yjyjy\\.gradle\\wrapper\\dists\\gradle-8.8-bin\\dl7vupf4psengwqhwktix4v1\\gradle-8.8\\lib\\plugins\\junit-platform-engine-1.8.2.jar;C:\\Users\\yjyjy\\.gradle\\wrapper\\dists\\gradle-8.8-bin\\dl7vupf4psengwqhwktix4v1\\gradle-8.8\\lib\\plugins\\junit-platform-launcher-1.8.2.jar;C:\\Users\\yjyjy\\.gradle\\wrapper\\dists\\gradle-8.8-bin\\dl7vupf4psengwqhwktix4v1\\gradle-8.8\\lib\\plugins\\junit-platform-commons-1.8.2.jar, java.vm.vendor=Amazon.com Inc., sun.arch.data.model=64, user.variant=, java.vendor.url=https://aws.amazon.com/corretto/, user.timezone=Asia/Seoul, jakarta.persistence.sharedCache.mode=UNSPECIFIED, java.vm.specification.version=17, os.name=Windows 11, javax.persistence.validation.mode=AUTO, jakarta.persistence.nonJtaDataSource=HikariDataSource (HikariPool-1), user.country=KR, sun.java.launcher=SUN_STANDARD, sun.boot.library.path=C:\Users\yjyjy\.jdks\corretto-17.0.11\bin, sun.java.command=worker.org.gradle.process.internal.worker.GradleWorkerMain 'Gradle Test Executor 13', javax.persistence.nonJtaDataSource=HikariDataSource (HikariPool-1), hibernate.transaction.jta.platform=org.hibernate.engine.transaction.jta.platform.internal.NoJtaPlatform@77856cc5, javax.persistence.sharedCache.mode=UNSPECIFIED, jdk.debug=release, sun.cpu.endian=little, user.home=C:\Users\yjyjy, user.language=ko, java.specification.vendor=Oracle Corporation, java.version.date=2024-04-16, java.home=C:\Users\yjyjy\.jdks\corretto-17.0.11, file.separator=\, java.vm.compressedOopsMode=32-bit, line.separator=
, hibernate.persistenceUnitName=default, java.vm.specification.vendor=Oracle Corporation, java.specification.name=Java Platform API Specification, FILE_LOG_CHARSET=x-windows-949, hibernate.transaction.coordinator_class=class org.hibernate.resource.transaction.backend.jdbc.internal.JdbcResourceLocalTransactionCoordinatorBuilderImpl, java.awt.headless=true, jakarta.persistence.validation.mode=AUTO, user.script=, sun.management.compiler=HotSpot 64-Bit Tiered Compilers, java.runtime.version=17.0.11+9-LTS, user.name=yjyjy, path.separator=;, os.version=10.0, java.runtime.name=OpenJDK Runtime Environment, file.encoding=x-windows-949, hibernate.ejb.persistenceUnitName=default, spring.beaninfo.ignore=true, java.vm.name=OpenJDK 64-Bit Server VM, java.vendor.version=Corretto-17.0.11.9.1, java.vendor.url.bug=https://github.com/corretto/corretto-17/issues/, java.io.tmpdir=C:\Users\yjyjy\AppData\Local\Temp\, com.zaxxer.hikari.pool_number=1, java.version=17.0.11, hibernate.physical_naming_strategy=org.hibernate.boot.model.naming.CamelCaseToUnderscoresNamingStrategy, user.dir=C:\workspace\crm, os.arch=amd64, java.vm.specification.name=Java Virtual Machine Specification, PID=51208, org.gradle.internal.worker.tmpdir=C:\workspace\crm\build\tmp\test\work, sun.os.patch.level=, CONSOLE_LOG_CHARSET=x-windows-949, hibernate.boot.CfgXmlAccessService.key=org.hibernate.boot.registry.StandardServiceRegistryBuilder$1@1fbd5e0, native.encoding=MS949, java.library.path=C:\Users\yjyjy\.jdks\corretto-17.0.11\bin;C:\Windows\Sun\Java\bin;C:\Windows\system32;C:\Windows;C:\Program Files (x86)\Common Files\Oracle\Java\java8path;C:\Program Files (x86)\Common Files\Oracle\Java\javapath;C:\Program Files (x86)\Razer Chroma SDK\bin;C:\Program Files\Razer Chroma SDK\bin;C:\Program Files (x86)\Razer\ChromaBroadcast\bin;C:\Program Files\Razer\ChromaBroadcast\bin;C:\oraclexe\app\oracle\product\11.2.0\server\bin;C:\Windows\system32;C:\Windows;C:\Windows\System32\Wbem;C:\Windows\System32\WindowsPowerShell\v1.0\;C:\Windows\System32\OpenSSH\;C:\Program Files\dotnet\;C:\Program Files\Git\cmd;C:\Windows\system32\config\systemprofile\AppData\Local\Microsoft\WindowsApps;C:\Program Files\MySQL\MySQL Shell 8.0\bin\;C:\Users\yjyjy\AppData\Local\Microsoft\WindowsApps;C:\Program Files\JetBrains\IntelliJ IDEA Community Edition 2023.3.4\bin;C:\Users\yjyjy\AppData\Local\GitHubDesktop\bin;C:\Users\yjyjy\AppData\Local\Programs\Microsoft VS Code\bin;C:\Program Files (x86)\NVIDIA Corporation\PhysX\Common;C:\Program Files\NVIDIA Corporation\NVIDIA NvDLISR;C:\Program Files\MySQL\MySQL Shell 8.0\bin\;C:\Users\yjyjy\AppData\Local\Microsoft\WindowsApps;C:\Program Files\JetBrains\IntelliJ IDEA Community Edition 2023.3.4\bin;;C:\Users\yjyjy\AppData\Local\GitHubDesktop\bin;C:\Users\yjyjy\AppData\Local\Programs\Microsoft VS Code\bin;., java.vendor=Amazon.com Inc., java.vm.info=mixed mode, sharing, java.vm.version=17.0.11+9-LTS, hibernate.bytecode.use_reflection_optimizer=false, sun.io.unicode.encoding=UnicodeLittle, hibernate.archive.scanner=org.hibernate.boot.archive.scan.internal.DisabledScanner, hibernate.connection.datasource=HikariDataSource (HikariPool-1), java.class.version=61.0}
2024-11-24 21:41:28.611 DEBUG 51208 --- [    Test worker] org.hibernate.secure.spi.JaccIntegrator  : Skipping JACC integration as it was not enabled
2024-11-24 21:41:28.612 DEBUG 51208 --- [    Test worker] o.hibernate.internal.SessionFactoryImpl  : Instantiated session factory
2024-11-24 21:41:28.612 DEBUG 51208 --- [    Test worker] o.h.type.spi.TypeConfiguration$Scope     : Scoping TypeConfiguration [org.hibernate.type.spi.TypeConfiguration@1a7d0c9f] to SessionFactoryImpl [org.hibernate.internal.SessionFactoryImpl@2beee3e8]
2024-11-24 21:41:28.622 DEBUG 51208 --- [    Test worker] .h.t.s.s.SchemaManagementToolCoordinator : No schema actions specified
2024-11-24 21:41:28.622 DEBUG 51208 --- [    Test worker] .h.t.s.s.SchemaManagementToolCoordinator : No actions specified; doing nothing
2024-11-24 21:41:28.622  INFO 51208 --- [    Test worker] o.h.e.t.j.p.i.JtaPlatformInitiator       : HHH000490: Using JtaPlatform implementation: [org.hibernate.engine.transaction.jta.platform.internal.NoJtaPlatform]
2024-11-24 21:41:28.623 DEBUG 51208 --- [    Test worker] o.h.query.spi.NamedQueryRepository       : Checking 0 named HQL queries
2024-11-24 21:41:28.623 DEBUG 51208 --- [    Test worker] o.h.query.spi.NamedQueryRepository       : Checking 0 named SQL queries
2024-11-24 21:41:28.625 DEBUG 51208 --- [    Test worker] .h.s.i.SessionFactoryServiceRegistryImpl : EventListenerRegistry access via ServiceRegistry is deprecated.  Use `sessionFactory.getEventEngine().getListenerRegistry()` instead
2024-11-24 21:41:28.628 DEBUG 51208 --- [    Test worker] o.h.internal.SessionFactoryRegistry      : Initializing SessionFactoryRegistry : org.hibernate.internal.SessionFactoryRegistry@4ef8090b
2024-11-24 21:41:28.628 DEBUG 51208 --- [    Test worker] o.h.internal.SessionFactoryRegistry      : Registering SessionFactory: 2d83491e-c74b-480b-af87-644a46b8df78 (<unnamed>)
2024-11-24 21:41:28.628 DEBUG 51208 --- [    Test worker] o.h.internal.SessionFactoryRegistry      : Not binding SessionFactory to JNDI, no JNDI name configured
2024-11-24 21:41:28.628  INFO 51208 --- [    Test worker] j.LocalContainerEntityManagerFactoryBean : Initialized JPA EntityManagerFactory for persistence unit 'default'
2024-11-24 21:41:28.801  WARN 51208 --- [    Test worker] JpaBaseConfiguration$JpaWebConfiguration : spring.jpa.open-in-view is enabled by default. Therefore, database queries may be performed during view rendering. Explicitly configure spring.jpa.open-in-view to disable this warning
2024-11-24 21:41:28.844 DEBUG 51208 --- [    Test worker] j.c.i.c.dao.UserListDAO.managerDetails   : ==>  Preparing: select user_id from UserList where user_id = "manager"
2024-11-24 21:41:28.867 DEBUG 51208 --- [    Test worker] j.c.i.c.dao.UserListDAO.managerDetails   : ==> Parameters: 
2024-11-24 21:41:28.916 DEBUG 51208 --- [    Test worker] j.c.i.c.dao.UserListDAO.managerDetails   : <==      Total: 1
2024-11-24 21:41:29.078  INFO 51208 --- [    Test worker] o.s.s.web.DefaultSecurityFilterChain     : Will secure any request with [org.springframework.security.web.session.DisableEncodeUrlFilter@75c8d8e7, org.springframework.security.web.context.request.async.WebAsyncManagerIntegrationFilter@3c68e82, org.springframework.security.web.context.SecurityContextPersistenceFilter@2697c156, org.springframework.security.web.header.HeaderWriterFilter@22bfd4b, org.springframework.security.web.authentication.logout.LogoutFilter@1b5f960a, org.springframework.security.web.authentication.UsernamePasswordAuthenticationFilter@5d00b469, org.springframework.security.web.savedrequest.RequestCacheAwareFilter@3a6b94b6, org.springframework.security.web.servletapi.SecurityContextHolderAwareRequestFilter@5ea0a7a9, org.springframework.security.web.authentication.AnonymousAuthenticationFilter@1e66bf2d, org.springframework.security.web.session.SessionManagementFilter@21ce3b22, org.springframework.security.web.access.ExceptionTranslationFilter@85c3522, org.springframework.security.web.access.intercept.FilterSecurityInterceptor@3d2eb7fa]
2024-11-24 21:41:29.324 DEBUG 51208 --- [    Test worker] s.w.s.m.m.a.RequestMappingHandlerAdapter : ControllerAdvice beans: 0 @ModelAttribute, 0 @InitBinder, 1 RequestBodyAdvice, 1 ResponseBodyAdvice
2024-11-24 21:41:29.392 DEBUG 51208 --- [    Test worker] s.w.s.m.m.a.RequestMappingHandlerMapping : 32 mappings in 'requestMappingHandlerMapping'
2024-11-24 21:41:29.416 DEBUG 51208 --- [    Test worker] o.s.w.s.handler.SimpleUrlHandlerMapping  : Patterns [/webjars/**, /**] in 'resourceHandlerMapping'
2024-11-24 21:41:29.425 DEBUG 51208 --- [    Test worker] .m.m.a.ExceptionHandlerExceptionResolver : ControllerAdvice beans: 0 @ExceptionHandler, 1 ResponseBodyAdvice
2024-11-24 21:41:29.567  INFO 51208 --- [    Test worker] jp.co.interline.crm.CrmApplicationTests  : Started CrmApplicationTests in 2.293 seconds (JVM running for 2.901)
]]></system-out>
  <system-err><![CDATA[]]></system-err>
</testsuite>
